3352 :15256 :15256 :1064 :2368 :4688 :1520 :1064 :"readRDS" "index.search" "example" 
6136 :"readRDS" "index.search" "example" 
6136 :"readRDS" "index.search" "example" 
7104 :"get0" "getExportedValue" "::" "example" 
45704 :"get0" "getExportedValue" "::" "example" 
45704 :"get0" "getExportedValue" "::" "example" 
1064 :"get0" "getExportedValue" "::" "example" 
2368 :"get0" "getExportedValue" "::" "example" 
4688 :"get0" "getExportedValue" "::" "example" 
1400 :"get0" "getExportedValue" "::" "example" 
1256 :"get0" "getExportedValue" "::" "example" 
2464 :"get0" "getExportedValue" "::" "example" 
1704 :"get0" "getExportedValue" "::" "example" 
1064 :"readRDS" "lazyLoadDBexec" "<Anonymous>" ".getHelpFile" "prepare_Rd" "<Anonymous>" "example" 
2504 :"readRDS" "lazyLoadDBexec" "<Anonymous>" ".getHelpFile" "prepare_Rd" "<Anonymous>" "example" 
2504 :"readRDS" "lazyLoadDBexec" "<Anonymous>" ".getHelpFile" "prepare_Rd" "<Anonymous>" "example" 
2504 :"readRDS" "lazyLoadDBexec" "<Anonymous>" ".getHelpFile" "prepare_Rd" "<Anonymous>" "example" 
2504 :"readRDS" "lazyLoadDBexec" "<Anonymous>" ".getHelpFile" "prepare_Rd" "<Anonymous>" "example" 
1152 :"set" "lazyLoadDBexec" "<Anonymous>" ".getHelpFile" "prepare_Rd" "<Anonymous>" "example" 
1368 :"set" "lazyLoadDBexec" "<Anonymous>" ".getHelpFile" "prepare_Rd" "<Anonymous>" "example" 
1632 :"set" "lazyLoadDBexec" "<Anonymous>" ".getHelpFile" "prepare_Rd" "<Anonymous>" "example" 
1944 :"set" "lazyLoadDBexec" "<Anonymous>" ".getHelpFile" "prepare_Rd" "<Anonymous>" "example" 
2320 :"set" "lazyLoadDBexec" "<Anonymous>" ".getHelpFile" "prepare_Rd" "<Anonymous>" "example" 
2504 :"match" "%in%" "fun" "lazyLoadDBexec" "<Anonymous>" ".getHelpFile" "prepare_Rd" "<Anonymous>" "example" 
4136 :"match" "%in%" "fun" "lazyLoadDBexec" "<Anonymous>" ".getHelpFile" "prepare_Rd" "<Anonymous>" "example" 
19648 :"fetch" "fun" "lazyLoadDBexec" "<Anonymous>" ".getHelpFile" "prepare_Rd" "<Anonymous>" "example" 
188888 :"fetch" "fun" "lazyLoadDBexec" "<Anonymous>" ".getHelpFile" "prepare_Rd" "<Anonymous>" "example" 
188888 :"fetch" "fun" "lazyLoadDBexec" "<Anonymous>" ".getHelpFile" "prepare_Rd" "<Anonymous>" "example" 
1064 :"fetch" "fun" "lazyLoadDBexec" "<Anonymous>" ".getHelpFile" "prepare_Rd" "<Anonymous>" "example" 
1064 :"<Anonymous>" "fetch" "fun" "lazyLoadDBexec" "<Anonymous>" ".getHelpFile" "prepare_Rd" "<Anonymous>" "example" 
2088 :"fetch" "fun" "lazyLoadDBexec" "<Anonymous>" ".getHelpFile" "prepare_Rd" "<Anonymous>" "example" 
4136 :"fetch" "fun" "lazyLoadDBexec" "<Anonymous>" ".getHelpFile" "prepare_Rd" "<Anonymous>" "example" 
1112 :"fetch" "fun" "lazyLoadDBexec" "<Anonymous>" ".getHelpFile" "prepare_Rd" "<Anonymous>" "example" 
8232 :"fetch" "fun" "lazyLoadDBexec" "<Anonymous>" ".getHelpFile" "prepare_Rd" "<Anonymous>" "example" 
1520 :"fetch" "fun" "lazyLoadDBexec" "<Anonymous>" ".getHelpFile" "prepare_Rd" "<Anonymous>" "example" 
16424 :"fetch" "fun" "lazyLoadDBexec" "<Anonymous>" ".getHelpFile" "prepare_Rd" "<Anonymous>" "example" 
new page:"fetch" "fun" "lazyLoadDBexec" "<Anonymous>" ".getHelpFile" "prepare_Rd" "<Anonymous>" "example" 
new page:"fetch" "fun" "lazyLoadDBexec" "<Anonymous>" ".getHelpFile" "prepare_Rd" "<Anonymous>" "example" 
new page:"fetch" "fun" "lazyLoadDBexec" "<Anonymous>" ".getHelpFile" "prepare_Rd" "<Anonymous>" "example" 
new page:"file" "<Anonymous>" "example" 
new page:"pmatch" ".deparseOpts" "deparse" "eval" "match.arg" "sink" ".Rd_get_text" ".Rd_get_title" "gsub" ".Rd_format_title" "<Anonymous>" "example" 
new page:"match" "%in%" "deparse" "eval" "match.arg" "trimws" ".Rd_format_title" "<Anonymous>" "example" 
new page:"paste" "paste0" "strwrap" "paste0" "wr" "paste0" "writeLines" "WriteLines" "of1" "of0" "<Anonymous>" "example" 
new page:"psub" "remap" "paste0" "writeLines" "WriteLines" "of1" "of0" "render" "<Anonymous>" "example" 
new page:"paste0" "writeLines" "WriteLines" "of1" "of0" "renderDont" "render" "<Anonymous>" "example" 
new page:"renderDont" "render" "<Anonymous>" "example" 
new page:"paste0" "writeLines" "WriteLines" "of1" "of0" "renderDont" "render" "<Anonymous>" "example" 
new page:"match" "%in%" "render" "<Anonymous>" "example" 
new page:"psub" "remap" "paste0" "writeLines" "WriteLines" "of1" "of0" "render" "renderDont" "render" "<Anonymous>" "example" 
3480 :"get0" "getExportedValue" "::" "example" 
3480 :"get0" "getExportedValue" "::" "example" 
1064 :"get0" "getExportedValue" "::" "example" 
1200 :"get0" "getExportedValue" "::" "example" 
8040 :"readLines" "source" "example" 
new page:"readLines" "source" "example" 
1064 :"srcfilecopy" "source" "example" 
1392 :"[" "srcfilecopy" "source" "example" 
1392 :"[" "srcfilecopy" "source" "example" 
1064 :"[" "srcfilecopy" "source" "example" 
3048 :"source" "example" 
12072 :"source" "example" 
3048 :"source" "example" 
1552 :"withCallingHandlers" "suppressWarnings" "doTryCatch" "tryCatchOne" "tryCatchList" "tryCatch" "trySrcLines" "source" "example" 
7352 :"withCallingHandlers" "suppressWarnings" "doTryCatch" "tryCatchOne" "tryCatchList" "tryCatch" "trySrcLines" "source" "example" 
7352 :"withCallingHandlers" "suppressWarnings" "doTryCatch" "tryCatchOne" "tryCatchList" "tryCatch" "trySrcLines" "source" "example" 
1064 :"withCallingHandlers" "suppressWarnings" "doTryCatch" "tryCatchOne" "tryCatchList" "tryCatch" "trySrcLines" "source" "example" 
1200 :"withCallingHandlers" "suppressWarnings" "doTryCatch" "tryCatchOne" "tryCatchList" "tryCatch" "trySrcLines" "source" "example" 
2352 :"withCallingHandlers" "suppressWarnings" "doTryCatch" "tryCatchOne" "tryCatchList" "tryCatch" "trySrcLines" "source" "example" 
new page:"withCallingHandlers" "suppressWarnings" "doTryCatch" "tryCatchOne" "tryCatchList" "tryCatch" "trySrcLines" "source" "example" 
1976 :"paste0" "rep.int" "paste0" "source" "example" 
9904 :"paste0" "rep.int" "paste0" "source" "example" 
9896 :"paste0" "rep.int" "paste0" "source" "example" 
1064 :"paste0" "rep.int" "paste0" "source" "example" 
1584 :"paste0" "rep.int" "paste0" "source" "example" 
3128 :"paste0" "rep.int" "paste0" "source" "example" 
new page:"paste0" "rep.int" "paste0" "source" "example" 
1064 :"abbreviate" "paste0" "rep.int" "paste0" "source" "example" 
1224 :"duplicated" "abbreviate" "paste0" "rep.int" "paste0" "source" "example" 
1224 :"duplicated" "abbreviate" "paste0" "rep.int" "paste0" "source" "example" 
1064 :"duplicated" "abbreviate" "paste0" "rep.int" "paste0" "source" "example" 
new page:"duplicated" "abbreviate" "paste0" "rep.int" "paste0" "source" "example" 
new page:"paste0" "rep.int" "paste0" "source" "example" 
2872 :"source" "example" 
2872 :"source" "example" 
1064 :"source" "example" 
new page:"source" "example" 
new page:"match" "%in%" "deparse" "mode" "source" "example" 
new page:"options" "suppressWarnings" "doTryCatch" "tryCatchOne" "tryCatchList" "tryCatch" "trySrcLines" "source" "example" 
new page:"cat" "source" "example" 
1984 :"eval" "eval" "withVisible" "source" "example" 
1984 :"eval" "eval" "withVisible" "source" "example" 
1064 :"eval" "eval" "withVisible" "source" "example" 
new page:"match" "%in%" ".deparseOpts" "deparse" "mode" "source" "example" 
new page:"trySrcLines" "source" "example" 
new page:"match" "%in%" "deparse" "mode" "source" "example" 
new page:".deparseOpts" "deparse" "mode" "source" "example" 
new page:"source" "example" 
new page:"source" "example" 
new page:"trySrcLines" "source" "example" 
new page:"tryCatchList" "tryCatch" "trySrcLines" "source" "example" 
new page:"doTryCatch" "tryCatchOne" "tryCatchList" "tryCatch" "trySrcLines" "source" "example" 
new page:"withCallingHandlers" "suppressWarnings" "doTryCatch" "tryCatchOne" "tryCatchList" "tryCatch" "trySrcLines" "source" "example" 
new page:"getSrcLines" "withCallingHandlers" "suppressWarnings" "doTryCatch" "tryCatchOne" "tryCatchList" "tryCatch" "trySrcLines" "source" "example" 
new page:"getSrcLines" "withCallingHandlers" "suppressWarnings" "doTryCatch" "tryCatchOne" "tryCatchList" "tryCatch" "trySrcLines" "source" "example" 
new page:"source" "example" 
new page:"source" "example" 
6792 :"print" "eval" "eval" "withVisible" "source" "example" 
36848 :"print" "eval" "eval" "withVisible" "source" "example" 
36848 :"print" "eval" "eval" "withVisible" "source" "example" 
1064 :"print" "eval" "eval" "withVisible" "source" "example" 
1360 :"print" "eval" "eval" "withVisible" "source" "example" 
6032 :"print" "eval" "eval" "withVisible" "source" "example" 
12024 :"print" "eval" "eval" "withVisible" "source" "example" 
2376 :"print" "eval" "eval" "withVisible" "source" "example" 
1064 :"data.frame" "print" "eval" "eval" "withVisible" "source" "example" 
4024 :"as.data.frame" "data.frame" "print" "eval" "eval" "withVisible" "source" "example" 
4024 :"as.data.frame" "data.frame" "print" "eval" "eval" "withVisible" "source" "example" 
1064 :"as.data.frame" "data.frame" "print" "eval" "eval" "withVisible" "source" "example" 
1496 :"as.data.frame" "data.frame" "print" "eval" "eval" "withVisible" "source" "example" 
1064 :"as.data.frame.factor" "as.data.frame" "data.frame" "print" "eval" "eval" "withVisible" "source" "example" 
1064 :"data.frame" "print" "eval" "eval" "withVisible" "source" "example" 
4024 :"as.data.frame" "data.frame" "print" "eval" "eval" "withVisible" "source" "example" 
4024 :"as.data.frame" "data.frame" "print" "eval" "eval" "withVisible" "source" "example" 
1064 :"as.data.frame" "data.frame" "print" "eval" "eval" "withVisible" "source" "example" 
1496 :"as.data.frame" "data.frame" "print" "eval" "eval" "withVisible" "source" "example" 
1720 :"data.frame" "print" "eval" "eval" "withVisible" "source" "example" 
1720 :"data.frame" "print" "eval" "eval" "withVisible" "source" "example" 
1064 :"data.frame" "print" "eval" "eval" "withVisible" "source" "example" 
1912 :"make.names" "data.frame" "print" "eval" "eval" "withVisible" "source" "example" 
8648 :"make.names" "data.frame" "print" "eval" "eval" "withVisible" "source" "example" 
8648 :"make.names" "data.frame" "print" "eval" "eval" "withVisible" "source" "example" 
1064 :"make.names" "data.frame" "print" "eval" "eval" "withVisible" "source" "example" 
1280 :"make.names" "data.frame" "print" "eval" "eval" "withVisible" "source" "example" 
2520 :"make.names" "data.frame" "print" "eval" "eval" "withVisible" "source" "example" 
1064 :"make.names" "data.frame" "print" "eval" "eval" "withVisible" "source" "example" 
1272 :"print" "eval" "eval" "withVisible" "source" "example" 
5120 :"print" "eval" "eval" "withVisible" "source" "example" 
5112 :"print" "eval" "eval" "withVisible" "source" "example" 
1064 :"print" "eval" "eval" "withVisible" "source" "example" 
1392 :"print" "eval" "eval" "withVisible" "source" "example" 
1064 :"print.data.frame" "print" "eval" "eval" "withVisible" "source" "example" 
1064 :"row.names" "print.data.frame" "print" "eval" "eval" "withVisible" "source" "example" 
1064 :"print.data.frame" "print" "eval" "eval" "withVisible" "source" "example" 
2544 :"as.matrix" "print.data.frame" "print" "eval" "eval" "withVisible" "source" "example" 
12640 :"as.matrix" "print.data.frame" "print" "eval" "eval" "withVisible" "source" "example" 
12640 :"as.matrix" "print.data.frame" "print" "eval" "eval" "withVisible" "source" "example" 
1064 :"as.matrix" "print.data.frame" "print" "eval" "eval" "withVisible" "source" "example" 
2200 :"as.matrix" "print.data.frame" "print" "eval" "eval" "withVisible" "source" "example" 
4352 :"as.matrix" "print.data.frame" "print" "eval" "eval" "withVisible" "source" "example" 
1032 :"as.matrix" "print.data.frame" "print" "eval" "eval" "withVisible" "source" "example" 
1016 :"format" "format.data.frame" "as.matrix" "print.data.frame" "print" "eval" "eval" "withVisible" "source" "example" 
1016 :"format" "format.data.frame" "as.matrix" "print.data.frame" "print" "eval" "eval" "withVisible" "source" "example" 
1064 :"format" "format.data.frame" "as.matrix" "print.data.frame" "print" "eval" "eval" "withVisible" "source" "example" 
1064 :"as.character" "structure" "format" "format.factor" "format" "format.data.frame" "as.matrix" "print.data.frame" "print" "eval" "eval" "withVisible" "source" "example" 
1816 :"format" "format.factor" "format" "format.data.frame" "as.matrix" "print.data.frame" "print" "eval" "eval" "withVisible" "source" "example" 
7848 :"format" "format.factor" "format" "format.data.frame" "as.matrix" "print.data.frame" "print" "eval" "eval" "withVisible" "source" "example" 
7848 :"format" "format.factor" "format" "format.data.frame" "as.matrix" "print.data.frame" "print" "eval" "eval" "withVisible" "source" "example" 
1064 :"format" "format.factor" "format" "format.data.frame" "as.matrix" "print.data.frame" "print" "eval" "eval" "withVisible" "source" "example" 
1072 :"format" "format.factor" "format" "format.data.frame" "as.matrix" "print.data.frame" "print" "eval" "eval" "withVisible" "source" "example" 
2104 :"format" "format.factor" "format" "format.data.frame" "as.matrix" "print.data.frame" "print" "eval" "eval" "withVisible" "source" "example" 
6168 :"format.default" "format" "format.data.frame" "as.matrix" "print.data.frame" "print" "eval" "eval" "withVisible" "source" "example" 
33144 :"format.default" "format" "format.data.frame" "as.matrix" "print.data.frame" "print" "eval" "eval" "withVisible" "source" "example" 
33144 :"format.default" "format" "format.data.frame" "as.matrix" "print.data.frame" "print" "eval" "eval" "withVisible" "source" "example" 
1064 :"format.default" "format" "format.data.frame" "as.matrix" "print.data.frame" "print" "eval" "eval" "withVisible" "source" "example" 
1184 :"format.default" "format" "format.data.frame" "as.matrix" "print.data.frame" "print" "eval" "eval" "withVisible" "source" "example" 
4520 :"format.default" "format" "format.data.frame" "as.matrix" "print.data.frame" "print" "eval" "eval" "withVisible" "source" "example" 
8992 :"format.default" "format" "format.data.frame" "as.matrix" "print.data.frame" "print" "eval" "eval" "withVisible" "source" "example" 
2152 :"format.default" "format" "format.data.frame" "as.matrix" "print.data.frame" "print" "eval" "eval" "withVisible" "source" "example" 
1112 :"as.data.frame" "data.frame" "do.call" "format.data.frame" "as.matrix" "print.data.frame" "print" "eval" "eval" "withVisible" "source" "example" 
4472 :"as.data.frame" "data.frame" "do.call" "format.data.frame" "as.matrix" "print.data.frame" "print" "eval" "eval" "withVisible" "source" "example" 
4472 :"as.data.frame" "data.frame" "do.call" "format.data.frame" "as.matrix" "print.data.frame" "print" "eval" "eval" "withVisible" "source" "example" 
1064 :"as.data.frame" "data.frame" "do.call" "format.data.frame" "as.matrix" "print.data.frame" "print" "eval" "eval" "withVisible" "source" "example" 
1560 :"as.data.frame" "data.frame" "do.call" "format.data.frame" "as.matrix" "print.data.frame" "print" "eval" "eval" "withVisible" "source" "example" 
3152 :"as.matrix" "print.data.frame" "print" "eval" "eval" "withVisible" "source" "example" 
15648 :"as.matrix" "print.data.frame" "print" "eval" "eval" "withVisible" "source" "example" 
15648 :"as.matrix" "print.data.frame" "print" "eval" "eval" "withVisible" "source" "example" 
1064 :"as.matrix" "print.data.frame" "print" "eval" "eval" "withVisible" "source" "example" 
3120 :"as.matrix" "print.data.frame" "print" "eval" "eval" "withVisible" "source" "example" 
6192 :"as.matrix" "print.data.frame" "print" "eval" "eval" "withVisible" "source" "example" 
1400 :"as.matrix" "print.data.frame" "print" "eval" "eval" "withVisible" "source" "example" 
new page:"as.matrix" "print.data.frame" "print" "eval" "eval" "withVisible" "source" "example" 
1064 :"dim" "as.matrix.data.frame" "as.matrix" "print.data.frame" "print" "eval" "eval" "withVisible" "source" "example" 
2008 :"print" "print.data.frame" "print" "eval" "eval" "withVisible" "source" "example" 
2008 :"print" "print.data.frame" "print" "eval" "eval" "withVisible" "source" "example" 
1064 :"print" "print.data.frame" "print" "eval" "eval" "withVisible" "source" "example" 
4304 :"eval" "eval" "withVisible" "source" "example" 
20984 :"eval" "eval" "withVisible" "source" "example" 
20984 :"eval" "eval" "withVisible" "source" "example" 
1064 :"eval" "eval" "withVisible" "source" "example" 
3192 :"eval" "eval" "withVisible" "source" "example" 
6344 :"eval" "eval" "withVisible" "source" "example" 
1728 :"eval" "eval" "withVisible" "source" "example" 
new page:"eval" "eval" "withVisible" "source" "example" 
2688 :"glm" "eval" "eval" "withVisible" "source" "example" 
13504 :"glm" "eval" "eval" "withVisible" "source" "example" 
13504 :"glm" "eval" "eval" "withVisible" "source" "example" 
1064 :"glm" "eval" "eval" "withVisible" "source" "example" 
1368 :"glm" "eval" "eval" "withVisible" "source" "example" 
new page:"glm" "eval" "eval" "withVisible" "source" "example" 
2776 :"poisson" "glm" "eval" "eval" "withVisible" "source" "example" 
25112 :"poisson" "glm" "eval" "eval" "withVisible" "source" "example" 
25112 :"poisson" "glm" "eval" "eval" "withVisible" "source" "example" 
1064 :"poisson" "glm" "eval" "eval" "withVisible" "source" "example" 
1128 :"poisson" "glm" "eval" "eval" "withVisible" "source" "example" 
2208 :"poisson" "glm" "eval" "eval" "withVisible" "source" "example" 
new page:"poisson" "glm" "eval" "eval" "withVisible" "source" "example" 
new page:"poisson" "glm" "eval" "eval" "withVisible" "source" "example" 
new page:"poisson" "glm" "eval" "eval" "withVisible" "source" "example" 
new page:"structure" "poisson" "glm" "eval" "eval" "withVisible" "source" "example" 
6256 :"<Anonymous>" "eval" "eval" "glm" "eval" "eval" "withVisible" "source" "example" 
32936 :"<Anonymous>" "eval" "eval" "glm" "eval" "eval" "withVisible" "source" "example" 
32936 :"<Anonymous>" "eval" "eval" "glm" "eval" "eval" "withVisible" "source" "example" 
1064 :"<Anonymous>" "eval" "eval" "glm" "eval" "eval" "withVisible" "source" "example" 
1496 :"<Anonymous>" "eval" "eval" "glm" "eval" "eval" "withVisible" "source" "example" 
5632 :"<Anonymous>" "eval" "eval" "glm" "eval" "eval" "withVisible" "source" "example" 
11216 :"<Anonymous>" "eval" "eval" "glm" "eval" "eval" "withVisible" "source" "example" 
2576 :"<Anonymous>" "eval" "eval" "glm" "eval" "eval" "withVisible" "source" "example" 
new page:"<Anonymous>" "eval" "eval" "glm" "eval" "eval" "withVisible" "source" "example" 
new page:"<Anonymous>" "eval" "eval" "glm" "eval" "eval" "withVisible" "source" "example" 
2168 :"model.frame.default" "<Anonymous>" "eval" "eval" "glm" "eval" "eval" "withVisible" "source" "example" 
2168 :"model.frame.default" "<Anonymous>" "eval" "eval" "glm" "eval" "eval" "withVisible" "source" "example" 
1064 :"model.frame.default" "<Anonymous>" "eval" "eval" "glm" "eval" "eval" "withVisible" "source" "example" 
2336 :"terms" "model.frame.default" "<Anonymous>" "eval" "eval" "glm" "eval" "eval" "withVisible" "source" "example" 
12344 :"terms" "model.frame.default" "<Anonymous>" "eval" "eval" "glm" "eval" "eval" "withVisible" "source" "example" 
12344 :"terms" "model.frame.default" "<Anonymous>" "eval" "eval" "glm" "eval" "eval" "withVisible" "source" "example" 
1064 :"terms" "model.frame.default" "<Anonymous>" "eval" "eval" "glm" "eval" "eval" "withVisible" "source" "example" 
1512 :"terms" "model.frame.default" "<Anonymous>" "eval" "eval" "glm" "eval" "eval" "withVisible" "source" "example" 
1064 :"terms" "model.frame.default" "<Anonymous>" "eval" "eval" "glm" "eval" "eval" "withVisible" "source" "example" 
2088 :"terms" "model.frame.default" "<Anonymous>" "eval" "eval" "glm" "eval" "eval" "withVisible" "source" "example" 
new page:"pmatch" ".deparseOpts" "deparse" "paste" "FUN" "lapply" "sapply" "model.frame.default" "<Anonymous>" "eval" "eval" "glm" "eval" "eval" "withVisible" "source" "example" 
2184 :"makepredictcall" "model.frame.default" "<Anonymous>" "eval" "eval" "glm" "eval" "eval" "withVisible" "source" "example" 
2184 :"makepredictcall" "model.frame.default" "<Anonymous>" "eval" "eval" "glm" "eval" "eval" "withVisible" "source" "example" 
1064 :"makepredictcall" "model.frame.default" "<Anonymous>" "eval" "eval" "glm" "eval" "eval" "withVisible" "source" "example" 
1280 :"na.omit" "model.frame.default" "<Anonymous>" "eval" "eval" "glm" "eval" "eval" "withVisible" "source" "example" 
5416 :"na.omit" "model.frame.default" "<Anonymous>" "eval" "eval" "glm" "eval" "eval" "withVisible" "source" "example" 
5416 :"na.omit" "model.frame.default" "<Anonymous>" "eval" "eval" "glm" "eval" "eval" "withVisible" "source" "example" 
1064 :"na.omit" "model.frame.default" "<Anonymous>" "eval" "eval" "glm" "eval" "eval" "withVisible" "source" "example" 
1928 :"na.omit" "model.frame.default" "<Anonymous>" "eval" "eval" "glm" "eval" "eval" "withVisible" "source" "example" 
1064 :"na.omit.data.frame" "na.omit" "model.frame.default" "<Anonymous>" "eval" "eval" "glm" "eval" "eval" "withVisible" "source" "example" 
4984 :"[" "na.omit.data.frame" "na.omit" "model.frame.default" "<Anonymous>" "eval" "eval" "glm" "eval" "eval" "withVisible" "source" "example" 
29368 :"[" "na.omit.data.frame" "na.omit" "model.frame.default" "<Anonymous>" "eval" "eval" "glm" "eval" "eval" "withVisible" "source" "example" 
29368 :"[" "na.omit.data.frame" "na.omit" "model.frame.default" "<Anonymous>" "eval" "eval" "glm" "eval" "eval" "withVisible" "source" "example" 
1064 :"[" "na.omit.data.frame" "na.omit" "model.frame.default" "<Anonymous>" "eval" "eval" "glm" "eval" "eval" "withVisible" "source" "example" 
1208 :"[" "na.omit.data.frame" "na.omit" "model.frame.default" "<Anonymous>" "eval" "eval" "glm" "eval" "eval" "withVisible" "source" "example" 
6768 :"[" "na.omit.data.frame" "na.omit" "model.frame.default" "<Anonymous>" "eval" "eval" "glm" "eval" "eval" "withVisible" "source" "example" 
13488 :"[" "na.omit.data.frame" "na.omit" "model.frame.default" "<Anonymous>" "eval" "eval" "glm" "eval" "eval" "withVisible" "source" "example" 
1944 :"[" "na.omit.data.frame" "na.omit" "model.frame.default" "<Anonymous>" "eval" "eval" "glm" "eval" "eval" "withVisible" "source" "example" 
new page:"[" "na.omit.data.frame" "na.omit" "model.frame.default" "<Anonymous>" "eval" "eval" "glm" "eval" "eval" "withVisible" "source" "example" 
2408 :"[" "[.data.frame" "[" "na.omit.data.frame" "na.omit" "model.frame.default" "<Anonymous>" "eval" "eval" "glm" "eval" "eval" "withVisible" "source" "example" 
2408 :"[" "[.data.frame" "[" "na.omit.data.frame" "na.omit" "model.frame.default" "<Anonymous>" "eval" "eval" "glm" "eval" "eval" "withVisible" "source" "example" 
1064 :"[" "[.data.frame" "[" "na.omit.data.frame" "na.omit" "model.frame.default" "<Anonymous>" "eval" "eval" "glm" "eval" "eval" "withVisible" "source" "example" 
1064 :"unique.default" "unique" "model.frame.default" "<Anonymous>" "eval" "eval" "glm" "eval" "eval" "withVisible" "source" "example" 
2616 :"match.fun" "vapply" "model.frame.default" "<Anonymous>" "eval" "eval" "glm" "eval" "eval" "withVisible" "source" "example" 
2616 :"match.fun" "vapply" "model.frame.default" "<Anonymous>" "eval" "eval" "glm" "eval" "eval" "withVisible" "source" "example" 
1064 :"match.fun" "vapply" "model.frame.default" "<Anonymous>" "eval" "eval" "glm" "eval" "eval" "withVisible" "source" "example" 
1064 :"as.list" "vapply" "model.frame.default" "<Anonymous>" "eval" "eval" "glm" "eval" "eval" "withVisible" "source" "example" 
1792 :"do.call" "glm" "eval" "eval" "withVisible" "source" "example" 
1792 :"do.call" "glm" "eval" "eval" "withVisible" "source" "example" 
1064 :"do.call" "glm" "eval" "eval" "withVisible" "source" "example" 
1552 :"glm" "eval" "eval" "withVisible" "source" "example" 
6912 :"glm" "eval" "eval" "withVisible" "source" "example" 
6912 :"glm" "eval" "eval" "withVisible" "source" "example" 
1064 :"glm" "eval" "eval" "withVisible" "source" "example" 
1376 :"glm" "eval" "eval" "withVisible" "source" "example" 
2712 :"glm" "eval" "eval" "withVisible" "source" "example" 
1064 :"model.response" "glm" "eval" "eval" "withVisible" "source" "example" 
new page:"model.response" "glm" "eval" "eval" "withVisible" "source" "example" 
1200 :"glm" "eval" "eval" "withVisible" "source" "example" 
1200 :"glm" "eval" "eval" "withVisible" "source" "example" 
1064 :"glm" "eval" "eval" "withVisible" "source" "example" 
1064 :"terms" "is.empty.model" "glm" "eval" "eval" "withVisible" "source" "example" 
3152 :"model.matrix" "glm" "eval" "eval" "withVisible" "source" "example" 
14544 :"model.matrix" "glm" "eval" "eval" "withVisible" "source" "example" 
14544 :"model.matrix" "glm" "eval" "eval" "withVisible" "source" "example" 
1064 :"model.matrix" "glm" "eval" "eval" "withVisible" "source" "example" 
2464 :"model.matrix" "glm" "eval" "eval" "withVisible" "source" "example" 
4880 :"model.matrix" "glm" "eval" "eval" "withVisible" "source" "example" 
1184 :"model.matrix" "glm" "eval" "eval" "withVisible" "source" "example" 
new page:"model.matrix" "glm" "eval" "eval" "withVisible" "source" "example" 
1064 :"model.matrix.default" "model.matrix" "glm" "eval" "eval" "withVisible" "source" "example" 
2360 :"model.matrix.default" "model.matrix" "glm" "eval" "eval" "withVisible" "source" "example" 
10984 :"model.matrix.default" "model.matrix" "glm" "eval" "eval" "withVisible" "source" "example" 
10984 :"model.matrix.default" "model.matrix" "glm" "eval" "eval" "withVisible" "source" "example" 
1064 :"model.matrix.default" "model.matrix" "glm" "eval" "eval" "withVisible" "source" "example" 
2000 :"model.matrix.default" "model.matrix" "glm" "eval" "eval" "withVisible" "source" "example" 
3952 :"model.matrix.default" "model.matrix" "glm" "eval" "eval" "withVisible" "source" "example" 
1064 :"model.matrix.default" "model.matrix" "glm" "eval" "eval" "withVisible" "source" "example" 
4280 :"[[<-" "model.matrix.default" "model.matrix" "glm" "eval" "eval" "withVisible" "source" "example" 
21240 :"[[<-" "model.matrix.default" "model.matrix" "glm" "eval" "eval" "withVisible" "source" "example" 
21240 :"[[<-" "model.matrix.default" "model.matrix" "glm" "eval" "eval" "withVisible" "source" "example" 
1064 :"[[<-" "model.matrix.default" "model.matrix" "glm" "eval" "eval" "withVisible" "source" "example" 
1064 :"[[<-" "model.matrix.default" "model.matrix" "glm" "eval" "eval" "withVisible" "source" "example" 
4008 :"[[<-" "model.matrix.default" "model.matrix" "glm" "eval" "eval" "withVisible" "source" "example" 
7968 :"[[<-" "model.matrix.default" "model.matrix" "glm" "eval" "eval" "withVisible" "source" "example" 
1752 :"[[<-" "model.matrix.default" "model.matrix" "glm" "eval" "eval" "withVisible" "source" "example" 
new page:"[[<-" "model.matrix.default" "model.matrix" "glm" "eval" "eval" "withVisible" "source" "example" 
1424 :"model.matrix.default" "model.matrix" "glm" "eval" "eval" "withVisible" "source" "example" 
6152 :"model.matrix.default" "model.matrix" "glm" "eval" "eval" "withVisible" "source" "example" 
6152 :"model.matrix.default" "model.matrix" "glm" "eval" "eval" "withVisible" "source" "example" 
1064 :"model.matrix.default" "model.matrix" "glm" "eval" "eval" "withVisible" "source" "example" 
1016 :"model.matrix.default" "model.matrix" "glm" "eval" "eval" "withVisible" "source" "example" 
1984 :"model.matrix.default" "model.matrix" "glm" "eval" "eval" "withVisible" "source" "example" 
new page:"model.matrix.default" "model.matrix" "glm" "eval" "eval" "withVisible" "source" "example" 
1040 :"get" "contrasts" "model.matrix.default" "model.matrix" "glm" "eval" "eval" "withVisible" "source" "example" 
4000 :"get" "contrasts" "model.matrix.default" "model.matrix" "glm" "eval" "eval" "withVisible" "source" "example" 
4000 :"get" "contrasts" "model.matrix.default" "model.matrix" "glm" "eval" "eval" "withVisible" "source" "example" 
1064 :"get" "contrasts" "model.matrix.default" "model.matrix" "glm" "eval" "eval" "withVisible" "source" "example" 
1392 :"get" "contrasts" "model.matrix.default" "model.matrix" "glm" "eval" "eval" "withVisible" "source" "example" 
3448 :"ctrfn" "contrasts" "model.matrix.default" "model.matrix" "glm" "eval" "eval" "withVisible" "source" "example" 
3448 :"ctrfn" "contrasts" "model.matrix.default" "model.matrix" "glm" "eval" "eval" "withVisible" "source" "example" 
1064 :"ctrfn" "contrasts" "model.matrix.default" "model.matrix" "glm" "eval" "eval" "withVisible" "source" "example" 
new page:"ctrfn" "contrasts" "model.matrix.default" "model.matrix" "glm" "eval" "eval" "withVisible" "source" "example" 
1064 :"as.vector" "glm" "eval" "eval" "withVisible" "source" "example" 
2600 :"as.vector" "glm" "eval" "eval" "withVisible" "source" "example" 
2592 :"as.vector" "glm" "eval" "eval" "withVisible" "source" "example" 
1064 :"as.vector" "glm" "eval" "eval" "withVisible" "source" "example" 
1040 :"as.vector" "glm" "eval" "eval" "withVisible" "source" "example" 
3976 :"glm" "eval" "eval" "withVisible" "source" "example" 
3976 :"glm" "eval" "eval" "withVisible" "source" "example" 
1064 :"glm" "eval" "eval" "withVisible" "source" "example" 
1552 :"glm" "eval" "eval" "withVisible" "source" "example" 
new page:"eval" "glm" "eval" "eval" "withVisible" "source" "example" 
9536 :"eval" "eval" "glm" "eval" "eval" "withVisible" "source" "example" 
51896 :"eval" "eval" "glm" "eval" "eval" "withVisible" "source" "example" 
51896 :"eval" "eval" "glm" "eval" "eval" "withVisible" "source" "example" 
1064 :"eval" "eval" "glm" "eval" "eval" "withVisible" "source" "example" 
2160 :"eval" "eval" "glm" "eval" "eval" "withVisible" "source" "example" 
9792 :"eval" "eval" "glm" "eval" "eval" "withVisible" "source" "example" 
19544 :"eval" "eval" "glm" "eval" "eval" "withVisible" "source" "example" 
3888 :"eval" "eval" "glm" "eval" "eval" "withVisible" "source" "example" 
new page:"eval" "eval" "glm" "eval" "eval" "withVisible" "source" "example" 
2088 :"eval" "eval" "glm" "eval" "eval" "withVisible" "source" "example" 
new page:"eval" "eval" "glm" "eval" "eval" "withVisible" "source" "example" 
new page:"eval" "eval" "glm" "eval" "eval" "withVisible" "source" "example" 
new page:"eval" "eval" "glm" "eval" "eval" "withVisible" "source" "example" 
1368 :"as.matrix" "glm.fit" "eval" "eval" "glm" "eval" "eval" "withVisible" "source" "example" 
1368 :"as.matrix" "glm.fit" "eval" "eval" "glm" "eval" "eval" "withVisible" "source" "example" 
1064 :"as.matrix" "glm.fit" "eval" "eval" "glm" "eval" "eval" "withVisible" "source" "example" 
new page:"as.matrix" "glm.fit" "eval" "eval" "glm" "eval" "eval" "withVisible" "source" "example" 
2016 :"linkinv" "glm.fit" "eval" "eval" "glm" "eval" "eval" "withVisible" "source" "example" 
9664 :"linkinv" "glm.fit" "eval" "eval" "glm" "eval" "eval" "withVisible" "source" "example" 
9664 :"linkinv" "glm.fit" "eval" "eval" "glm" "eval" "eval" "withVisible" "source" "example" 
1064 :"linkinv" "glm.fit" "eval" "eval" "glm" "eval" "eval" "withVisible" "source" "example" 
1880 :"linkinv" "glm.fit" "eval" "eval" "glm" "eval" "eval" "withVisible" "source" "example" 
3720 :"linkinv" "glm.fit" "eval" "eval" "glm" "eval" "eval" "withVisible" "source" "example" 
new page:"linkinv" "glm.fit" "eval" "eval" "glm" "eval" "eval" "withVisible" "source" "example" 
1704 :"pmax" "linkinv" "glm.fit" "eval" "eval" "glm" "eval" "eval" "withVisible" "source" "example" 
8176 :"pmax" "linkinv" "glm.fit" "eval" "eval" "glm" "eval" "eval" "withVisible" "source" "example" 
8176 :"pmax" "linkinv" "glm.fit" "eval" "eval" "glm" "eval" "eval" "withVisible" "source" "example" 
1064 :"pmax" "linkinv" "glm.fit" "eval" "eval" "glm" "eval" "eval" "withVisible" "source" "example" 
1688 :"pmax" "linkinv" "glm.fit" "eval" "eval" "glm" "eval" "eval" "withVisible" "source" "example" 
3328 :"pmax" "linkinv" "glm.fit" "eval" "eval" "glm" "eval" "eval" "withVisible" "source" "example" 
new page:"mostattributes<-" "pmax" "linkinv" "glm.fit" "eval" "eval" "glm" "eval" "eval" "withVisible" "source" "example" 
new page:"which" "dev.resids" "glm.fit" "eval" "eval" "glm" "eval" "eval" "withVisible" "source" "example" 
new page:"glm.fit" "eval" "eval" "glm" "eval" "eval" "withVisible" "source" "example" 
new page:"glm.fit" "eval" "eval" "glm" "eval" "eval" "withVisible" "source" "example" 
new page:"glm.fit" "eval" "eval" "glm" "eval" "eval" "withVisible" "source" "example" 
new page:"glm.fit" "eval" "eval" "glm" "eval" "eval" "withVisible" "source" "example" 
new page:"glm.fit" "eval" "eval" "glm" "eval" "eval" "withVisible" "source" "example" 
new page:"mostattributes<-" "pmax" "linkinv" "glm.fit" "eval" "eval" "glm" "eval" "eval" "withVisible" "source" "example" 
new page:"dev.resids" "glm.fit" "eval" "eval" "glm" "eval" "eval" "withVisible" "source" "example" 
new page:"glm.fit" "eval" "eval" "glm" "eval" "eval" "withVisible" "source" "example" 
new page:"glm.fit" "eval" "eval" "glm" "eval" "eval" "withVisible" "source" "example" 
new page:"glm.fit" "eval" "eval" "glm" "eval" "eval" "withVisible" "source" "example" 
new page:"glm.fit" "eval" "eval" "glm" "eval" "eval" "withVisible" "source" "example" 
new page:"glm.fit" "eval" "eval" "glm" "eval" "eval" "withVisible" "source" "example" 
new page:"mostattributes<-" "pmax" "linkinv" "glm.fit" "eval" "eval" "glm" "eval" "eval" "withVisible" "source" "example" 
new page:"dev.resids" "glm.fit" "eval" "eval" "glm" "eval" "eval" "withVisible" "source" "example" 
new page:"glm.fit" "eval" "eval" "glm" "eval" "eval" "withVisible" "source" "example" 
new page:"glm.fit" "eval" "eval" "glm" "eval" "eval" "withVisible" "source" "example" 
new page:"glm.fit" "eval" "eval" "glm" "eval" "eval" "withVisible" "source" "example" 
new page:"glm.fit" "eval" "eval" "glm" "eval" "eval" "withVisible" "source" "example" 
new page:"glm.fit" "eval" "eval" "glm" "eval" "eval" "withVisible" "source" "example" 
new page:"mostattributes<-" "pmax" "linkinv" "glm.fit" "eval" "eval" "glm" "eval" "eval" "withVisible" "source" "example" 
new page:"dev.resids" "glm.fit" "eval" "eval" "glm" "eval" "eval" "withVisible" "source" "example" 
new page:"glm.fit" "eval" "eval" "glm" "eval" "eval" "withVisible" "source" "example" 
new page:"glm.fit" "eval" "eval" "glm" "eval" "eval" "withVisible" "source" "example" 
new page:"glm.fit" "eval" "eval" "glm" "eval" "eval" "withVisible" "source" "example" 
new page:"glm.fit" "eval" "eval" "glm" "eval" "eval" "withVisible" "source" "example" 
new page:"glm.fit" "eval" "eval" "glm" "eval" "eval" "withVisible" "source" "example" 
new page:"mostattributes<-" "pmax" "linkinv" "glm.fit" "eval" "eval" "glm" "eval" "eval" "withVisible" "source" "example" 
new page:"dev.resids" "glm.fit" "eval" "eval" "glm" "eval" "eval" "withVisible" "source" "example" 
new page:"pmax" "mu.eta" "glm.fit" "eval" "eval" "glm" "eval" "eval" "withVisible" "source" "example" 
1816 :"glm.fit" "eval" "eval" "glm" "eval" "eval" "withVisible" "source" "example" 
1816 :"glm.fit" "eval" "eval" "glm" "eval" "eval" "withVisible" "source" "example" 
1064 :"glm.fit" "eval" "eval" "glm" "eval" "eval" "withVisible" "source" "example" 
1816 :"glm.fit" "eval" "eval" "glm" "eval" "eval" "withVisible" "source" "example" 
1816 :"glm.fit" "eval" "eval" "glm" "eval" "eval" "withVisible" "source" "example" 
1064 :"glm.fit" "eval" "eval" "glm" "eval" "eval" "withVisible" "source" "example" 
new page:"col" "glm.fit" "eval" "eval" "glm" "eval" "eval" "withVisible" "source" "example" 
3832 :"glm.fit" "eval" "eval" "glm" "eval" "eval" "withVisible" "source" "example" 
3832 :"glm.fit" "eval" "eval" "glm" "eval" "eval" "withVisible" "source" "example" 
1064 :"glm.fit" "eval" "eval" "glm" "eval" "eval" "withVisible" "source" "example" 
1456 :"glm.fit" "eval" "eval" "glm" "eval" "eval" "withVisible" "source" "example" 
new page:"glm.fit" "eval" "eval" "glm" "eval" "eval" "withVisible" "source" "example" 
new page:"which" "dev.resids" "glm.fit" "eval" "eval" "glm" "eval" "eval" "withVisible" "source" "example" 
new page:"dev.resids" "glm.fit" "eval" "eval" "glm" "eval" "eval" "withVisible" "source" "example" 
1064 :"aic" "glm.fit" "eval" "eval" "glm" "eval" "eval" "withVisible" "source" "example" 
1064 :"glm" "eval" "eval" "withVisible" "source" "example" 
4632 :"glm" "eval" "eval" "withVisible" "source" "example" 
4632 :"glm" "eval" "eval" "withVisible" "source" "example" 
1064 :"glm" "eval" "eval" "withVisible" "source" "example" 
new page:"glm" "eval" "eval" "withVisible" "source" "example" 
new page:"pmatch" ".deparseOpts" "deparse" "paste" "FUN" "lapply" "sapply" ".getXlevels" "glm" "eval" "eval" "withVisible" "source" "example" 
new page:"pmatch" ".deparseOpts" "deparse" "mode" "source" "example" 
4864 :"anova" "eval" "eval" "withVisible" "source" "example" 
24400 :"anova" "eval" "eval" "withVisible" "source" "example" 
24400 :"anova" "eval" "eval" "withVisible" "source" "example" 
1064 :"anova" "eval" "eval" "withVisible" "source" "example" 
1064 :"anova" "eval" "eval" "withVisible" "source" "example" 
3584 :"anova" "eval" "eval" "withVisible" "source" "example" 
7128 :"anova" "eval" "eval" "withVisible" "source" "example" 
1856 :"anova" "eval" "eval" "withVisible" "source" "example" 
new page:"anova" "eval" "eval" "withVisible" "source" "example" 
new page:"anova" "eval" "eval" "withVisible" "source" "example" 
1784 :"model.matrix" "anova.glm" "anova" "eval" "eval" "withVisible" "source" "example" 
1784 :"model.matrix" "anova.glm" "anova" "eval" "eval" "withVisible" "source" "example" 
1064 :"model.matrix" "anova.glm" "anova" "eval" "eval" "withVisible" "source" "example" 
new page:"model.matrix" "anova.glm" "anova" "eval" "eval" "withVisible" "source" "example" 
3856 :"model.frame" "model.matrix.lm" "model.matrix" "anova.glm" "anova" "eval" "eval" "withVisible" "source" "example" 
3856 :"model.frame" "model.matrix.lm" "model.matrix" "anova.glm" "anova" "eval" "eval" "withVisible" "source" "example" 
1064 :"model.frame" "model.matrix.lm" "model.matrix" "anova.glm" "anova" "eval" "eval" "withVisible" "source" "example" 
1168 :"model.frame" "model.matrix.lm" "model.matrix" "anova.glm" "anova" "eval" "eval" "withVisible" "source" "example" 
1224 :"terms" "model.matrix.default" "NextMethod" "model.matrix.lm" "model.matrix" "anova.glm" "anova" "eval" "eval" "withVisible" "source" "example" 
1224 :"terms" "model.matrix.default" "NextMethod" "model.matrix.lm" "model.matrix" "anova.glm" "anova" "eval" "eval" "withVisible" "source" "example" 
1064 :"terms" "model.matrix.default" "NextMethod" "model.matrix.lm" "model.matrix" "anova.glm" "anova" "eval" "eval" "withVisible" "source" "example" 
new page:"pmatch" ".deparseOpts" "deparse" "paste" "FUN" "lapply" "sapply" "match" "model.matrix.default" "NextMethod" "model.matrix.lm" "model.matrix" "anova.glm" "anova" "eval" "eval" "withVisible" "source" "example" 
new page:"model.matrix.default" "NextMethod" "model.matrix.lm" "model.matrix" "anova.glm" "anova" "eval" "eval" "withVisible" "source" "example" 
new page:"eval" "anova.glm" "anova" "eval" "eval" "withVisible" "source" "example" 
new page:"<Anonymous>" "glm.fit" "eval" "eval" "anova.glm" "anova" "eval" "eval" "withVisible" "source" "example" 
new page:"dev.resids" "glm.fit" "eval" "eval" "anova.glm" "anova" "eval" "eval" "withVisible" "source" "example" 
new page:"glm.fit" "eval" "eval" "anova.glm" "anova" "eval" "eval" "withVisible" "source" "example" 
new page:"mostattributes<-" "pmax" "mu.eta" "glm.fit" "eval" "eval" "anova.glm" "anova" "eval" "eval" "withVisible" "source" "example" 
new page:"glm.fit" "eval" "eval" "anova.glm" "anova" "eval" "eval" "withVisible" "source" "example" 
new page:"glm.fit" "eval" "eval" "anova.glm" "anova" "eval" "eval" "withVisible" "source" "example" 
new page:"glm.fit" "eval" "eval" "anova.glm" "anova" "eval" "eval" "withVisible" "source" "example" 
new page:"glm.fit" "eval" "eval" "anova.glm" "anova" "eval" "eval" "withVisible" "source" "example" 
new page:"dev.resids" "glm.fit" "eval" "eval" "anova.glm" "anova" "eval" "eval" "withVisible" "source" "example" 
new page:"pmax" "mu.eta" "glm.fit" "eval" "eval" "anova.glm" "anova" "eval" "eval" "withVisible" "source" "example" 
new page:"glm.fit" "eval" "eval" "anova.glm" "anova" "eval" "eval" "withVisible" "source" "example" 
new page:"glm.fit" "eval" "eval" "anova.glm" "anova" "eval" "eval" "withVisible" "source" "example" 
new page:"glm.fit" "eval" "eval" "anova.glm" "anova" "eval" "eval" "withVisible" "source" "example" 
new page:"glm.fit" "eval" "eval" "anova.glm" "anova" "eval" "eval" "withVisible" "source" "example" 
new page:"which" "dev.resids" "glm.fit" "eval" "eval" "anova.glm" "anova" "eval" "eval" "withVisible" "source" "example" 
new page:"which" "dev.resids" "glm.fit" "eval" "eval" "anova.glm" "anova" "eval" "eval" "withVisible" "source" "example" 
new page:"pmax" "mu.eta" "glm.fit" "eval" "eval" "anova.glm" "anova" "eval" "eval" "withVisible" "source" "example" 
new page:"glm.fit" "eval" "eval" "anova.glm" "anova" "eval" "eval" "withVisible" "source" "example" 
new page:"glm.fit" "eval" "eval" "anova.glm" "anova" "eval" "eval" "withVisible" "source" "example" 
new page:"glm.fit" "eval" "eval" "anova.glm" "anova" "eval" "eval" "withVisible" "source" "example" 
new page:"glm.fit" "eval" "eval" "anova.glm" "anova" "eval" "eval" "withVisible" "source" "example" 
new page:"mostattributes<-" "pmax" "linkinv" "glm.fit" "eval" "eval" "anova.glm" "anova" "eval" "eval" "withVisible" "source" "example" 
new page:"dev.resids" "glm.fit" "eval" "eval" "anova.glm" "anova" "eval" "eval" "withVisible" "source" "example" 
new page:"glm.fit" "eval" "eval" "anova.glm" "anova" "eval" "eval" "withVisible" "source" "example" 
new page:"glm.fit" "eval" "eval" "anova.glm" "anova" "eval" "eval" "withVisible" "source" "example" 
new page:"glm.fit" "eval" "eval" "anova.glm" "anova" "eval" "eval" "withVisible" "source" "example" 
new page:"glm.fit" "eval" "eval" "anova.glm" "anova" "eval" "eval" "withVisible" "source" "example" 
new page:"glm.fit" "eval" "eval" "anova.glm" "anova" "eval" "eval" "withVisible" "source" "example" 
new page:"pmax" "linkinv" "glm.fit" "eval" "eval" "anova.glm" "anova" "eval" "eval" "withVisible" "source" "example" 
new page:"dev.resids" "glm.fit" "eval" "eval" "anova.glm" "anova" "eval" "eval" "withVisible" "source" "example" 
new page:"row" "glm.fit" "eval" "eval" "anova.glm" "anova" "eval" "eval" "withVisible" "source" "example" 
new page:"glm.fit" "eval" "eval" "anova.glm" "anova" "eval" "eval" "withVisible" "source" "example" 
new page:"dev.resids" "glm.fit" "eval" "eval" "anova.glm" "anova" "eval" "eval" "withVisible" "source" "example" 
new page:"structure" "glm.fit" "eval" "eval" "anova.glm" "anova" "eval" "eval" "withVisible" "source" "example" 
1312 :"diff" "data.frame" "anova.glm" "anova" "eval" "eval" "withVisible" "source" "example" 
5848 :"diff" "data.frame" "anova.glm" "anova" "eval" "eval" "withVisible" "source" "example" 
5848 :"diff" "data.frame" "anova.glm" "anova" "eval" "eval" "withVisible" "source" "example" 
1064 :"diff" "data.frame" "anova.glm" "anova" "eval" "eval" "withVisible" "source" "example" 
1264 :"diff" "data.frame" "anova.glm" "anova" "eval" "eval" "withVisible" "source" "example" 
2480 :"diff" "data.frame" "anova.glm" "anova" "eval" "eval" "withVisible" "source" "example" 
4024 :"as.data.frame" "data.frame" "anova.glm" "anova" "eval" "eval" "withVisible" "source" "example" 
4024 :"as.data.frame" "data.frame" "anova.glm" "anova" "eval" "eval" "withVisible" "source" "example" 
1064 :"as.data.frame" "data.frame" "anova.glm" "anova" "eval" "eval" "withVisible" "source" "example" 
1496 :"as.data.frame" "data.frame" "anova.glm" "anova" "eval" "eval" "withVisible" "source" "example" 
new page:"pmatch" ".deparseOpts" "deparse" "mode" "match" "%in%" "deparse" "paste" "force" "as.data.frame.integer" "as.data.frame" "data.frame" "anova.glm" "anova" "eval" "eval" "withVisible" "source" "example" 
new page:"pmatch" ".deparseOpts" "deparse" "mode" "match" "%in%" "deparse" "data.frame" "anova.glm" "anova" "eval" "eval" "withVisible" "source" "example" 
new page:"pmatch" ".deparseOpts" "deparse" "mode" "match" "%in%" "deparse" "paste" "force" "as.data.frame.numeric" "as.data.frame" "data.frame" "anova.glm" "anova" "eval" "eval" "withVisible" "source" "example" 
new page:"pmatch" ".deparseOpts" "deparse" "data.frame" "anova.glm" "anova" "eval" "eval" "withVisible" "source" "example" 
3784 :"dimnames<-" "anova.glm" "anova" "eval" "eval" "withVisible" "source" "example" 
3784 :"dimnames<-" "anova.glm" "anova" "eval" "eval" "withVisible" "source" "example" 
1064 :"dimnames<-" "anova.glm" "anova" "eval" "eval" "withVisible" "source" "example" 
1736 :"dimnames<-" "anova.glm" "anova" "eval" "eval" "withVisible" "source" "example" 
1064 :"dimnames<-.data.frame" "dimnames<-" "anova.glm" "anova" "eval" "eval" "withVisible" "source" "example" 
1560 :"row.names<-" "dimnames<-.data.frame" "dimnames<-" "anova.glm" "anova" "eval" "eval" "withVisible" "source" "example" 
7112 :"row.names<-" "dimnames<-.data.frame" "dimnames<-" "anova.glm" "anova" "eval" "eval" "withVisible" "source" "example" 
7104 :"row.names<-" "dimnames<-.data.frame" "dimnames<-" "anova.glm" "anova" "eval" "eval" "withVisible" "source" "example" 
1064 :"row.names<-" "dimnames<-.data.frame" "dimnames<-" "anova.glm" "anova" "eval" "eval" "withVisible" "source" "example" 
1048 :"row.names<-" "dimnames<-.data.frame" "dimnames<-" "anova.glm" "anova" "eval" "eval" "withVisible" "source" "example" 
2048 :"row.names<-" "dimnames<-.data.frame" "dimnames<-" "anova.glm" "anova" "eval" "eval" "withVisible" "source" "example" 
new page:"row.names<-" "dimnames<-.data.frame" "dimnames<-" "anova.glm" "anova" "eval" "eval" "withVisible" "source" "example" 
new page:"row.names<-" "dimnames<-.data.frame" "dimnames<-" "anova.glm" "anova" "eval" "eval" "withVisible" "source" "example" 
1064 :"anova.glm" "anova" "eval" "eval" "withVisible" "source" "example" 
3328 :"summary" "anova.glm" "anova" "eval" "eval" "withVisible" "source" "example" 
16896 :"summary" "anova.glm" "anova" "eval" "eval" "withVisible" "source" "example" 
16888 :"summary" "anova.glm" "anova" "eval" "eval" "withVisible" "source" "example" 
1064 :"summary" "anova.glm" "anova" "eval" "eval" "withVisible" "source" "example" 
2880 :"summary" "anova.glm" "anova" "eval" "eval" "withVisible" "source" "example" 
5712 :"summary" "anova.glm" "anova" "eval" "eval" "withVisible" "source" "example" 
1408 :"summary" "anova.glm" "anova" "eval" "eval" "withVisible" "source" "example" 
new page:"summary" "anova.glm" "anova" "eval" "eval" "withVisible" "source" "example" 
new page:"summary" "anova.glm" "anova" "eval" "eval" "withVisible" "source" "example" 
1064 :"coef" "summary.glm" "summary" "anova.glm" "anova" "eval" "eval" "withVisible" "source" "example" 
1064 :"summary.glm" "summary" "anova.glm" "anova" "eval" "eval" "withVisible" "source" "example" 
1064 :"summary.glm" "summary" "anova.glm" "anova" "eval" "eval" "withVisible" "source" "example" 
1064 :"chol2inv" "summary.glm" "summary" "anova.glm" "anova" "eval" "eval" "withVisible" "source" "example" 
1760 :"summary.glm" "summary" "anova.glm" "anova" "eval" "eval" "withVisible" "source" "example" 
8040 :"summary.glm" "summary" "anova.glm" "anova" "eval" "eval" "withVisible" "source" "example" 
8032 :"summary.glm" "summary" "anova.glm" "anova" "eval" "eval" "withVisible" "source" "example" 
1064 :"summary.glm" "summary" "anova.glm" "anova" "eval" "eval" "withVisible" "source" "example" 
1584 :"summary.glm" "summary" "anova.glm" "anova" "eval" "eval" "withVisible" "source" "example" 
3120 :"summary.glm" "summary" "anova.glm" "anova" "eval" "eval" "withVisible" "source" "example" 
new page:"diag" "summary.glm" "summary" "anova.glm" "anova" "eval" "eval" "withVisible" "source" "example" 
1064 :"summary.glm" "summary" "anova.glm" "anova" "eval" "eval" "withVisible" "source" "example" 
1632 :"residuals" "summary.glm" "summary" "anova.glm" "anova" "eval" "eval" "withVisible" "source" "example" 
7336 :"residuals" "summary.glm" "summary" "anova.glm" "anova" "eval" "eval" "withVisible" "source" "example" 
7328 :"residuals" "summary.glm" "summary" "anova.glm" "anova" "eval" "eval" "withVisible" "source" "example" 
1064 :"residuals" "summary.glm" "summary" "anova.glm" "anova" "eval" "eval" "withVisible" "source" "example" 
1120 :"residuals" "summary.glm" "summary" "anova.glm" "anova" "eval" "eval" "withVisible" "source" "example" 
2192 :"residuals" "summary.glm" "summary" "anova.glm" "anova" "eval" "eval" "withVisible" "source" "example" 
new page:"residuals" "summary.glm" "summary" "anova.glm" "anova" "eval" "eval" "withVisible" "source" "example" 
new page:"residuals" "summary.glm" "summary" "anova.glm" "anova" "eval" "eval" "withVisible" "source" "example" 
new page:"pmatch" ".deparseOpts" "deparse" "eval" "match.arg" "residuals.glm" "residuals" "summary.glm" "summary" "anova.glm" "anova" "eval" "eval" "withVisible" "source" "example" 
new page:"<Anonymous>" "pmax" "residuals.glm" "residuals" "summary.glm" "summary" "anova.glm" "anova" "eval" "eval" "withVisible" "source" "example" 
new page:"ifelse" "residuals.glm" "residuals" "summary.glm" "summary" "anova.glm" "anova" "eval" "eval" "withVisible" "source" "example" 
new page:"ifelse" "residuals.glm" "residuals" "summary.glm" "summary" "anova.glm" "anova" "eval" "eval" "withVisible" "source" "example" 
new page:"ifelse" "residuals.glm" "residuals" "summary.glm" "summary" "anova.glm" "anova" "eval" "eval" "withVisible" "source" "example" 
new page:"summary.glm" "summary" "anova.glm" "anova" "eval" "eval" "withVisible" "source" "example" 
1584 :"get" "print" "source" "example" 
6800 :"get" "print" "source" "example" 
6800 :"get" "print" "source" "example" 
1064 :"get" "print" "source" "example" 
1064 :"get" "print" "source" "example" 
2088 :"get" "print" "source" "example" 
new page:"get" "print" "source" "example" 
new page:"get" "print" "source" "example" 
2336 :"print.anova" "print" "source" "example" 
2336 :"print.anova" "print" "source" "example" 
1064 :"print.anova" "print" "source" "example" 
5368 :"print.anova" "print" "source" "example" 
25560 :"print.anova" "print" "source" "example" 
25560 :"print.anova" "print" "source" "example" 
1064 :"print.anova" "print" "source" "example" 
1200 :"print.anova" "print" "source" "example" 
4192 :"print.anova" "print" "source" "example" 
8344 :"print.anova" "print" "source" "example" 
2096 :"print.anova" "print" "source" "example" 
new page:"print.anova" "print" "source" "example" 
new page:"print.anova" "print" "source" "example" 
new page:"print.anova" "print" "source" "example" 
1600 :"printCoefmat" "print.anova" "print" "source" "example" 
7096 :"printCoefmat" "print.anova" "print" "source" "example" 
7096 :"printCoefmat" "print.anova" "print" "source" "example" 
1064 :"printCoefmat" "print.anova" "print" "source" "example" 
1288 :"printCoefmat" "print.anova" "print" "source" "example" 
2528 :"printCoefmat" "print.anova" "print" "source" "example" 
new page:"printCoefmat" "print.anova" "print" "source" "example" 
new page:"match" "%in%" "data.matrix" "printCoefmat" "print.anova" "print" "source" "example" 
2000 :"printCoefmat" "print.anova" "print" "source" "example" 
2000 :"printCoefmat" "print.anova" "print" "source" "example" 
1064 :"printCoefmat" "print.anova" "print" "source" "example" 
new page:"printCoefmat" "print.anova" "print" "source" "example" 
new page:"%in%" "printCoefmat" "print.anova" "print" "source" "example" 
new page:"pmatch" ".deparseOpts" "deparse" "eval" "match.arg" "format.default" "format" "printCoefmat" "print.anova" "print" "source" "example" 
new page:"which" "printCoefmat" "print.anova" "print" "source" "example" 
new page:"paste0" "source" "example" 
new page:"pnorm" "summary.glm" "summary" "eval" "eval" "withVisible" "source" "example" 
new page:"<Anonymous>" "pmax" "residuals.glm" "residuals" "summary.glm" "summary" "eval" "eval" "withVisible" "source" "example" 
new page:"mostattributes<-" "pmax" "residuals.glm" "residuals" "summary.glm" "summary" "eval" "eval" "withVisible" "source" "example" 
new page:"ifelse" "residuals.glm" "residuals" "summary.glm" "summary" "eval" "eval" "withVisible" "source" "example" 
new page:"ifelse" "residuals.glm" "residuals" "summary.glm" "summary" "eval" "eval" "withVisible" "source" "example" 
new page:"ifelse" "residuals.glm" "residuals" "summary.glm" "summary" "eval" "eval" "withVisible" "source" "example" 
new page:"ifelse" "residuals.glm" "residuals" "summary.glm" "summary" "eval" "eval" "withVisible" "source" "example" 
3624 :"get" "print" "source" "example" 
17320 :"get" "print" "source" "example" 
17320 :"get" "print" "source" "example" 
1064 :"get" "print" "source" "example" 
2048 :"get" "print" "source" "example" 
4056 :"get" "print" "source" "example" 
1264 :"get" "print" "source" "example" 
new page:"get" "print" "source" "example" 
new page:"get" "print" "source" "example" 
new page:"get" "print" "source" "example" 
new page:"get" "print" "source" "example" 
new page:"pmatch" ".deparseOpts" "deparse" "mode" "match" "%in%" "deparse" "paste" "cat" "print.summary.glm" "print" "source" "example" 
new page:"zapsmall" "print.summary.glm" "print" "source" "example" 
new page:"printCoefmat" "print.summary.glm" "print" "source" "example" 
new page:"printCoefmat" "print.summary.glm" "print" "source" "example" 
2184 :"printCoefmat" "print.summary.glm" "print" "source" "example" 
2184 :"printCoefmat" "print.summary.glm" "print" "source" "example" 
1064 :"printCoefmat" "print.summary.glm" "print" "source" "example" 
1064 :"printCoefmat" "print.summary.glm" "print" "source" "example" 
new page:"prettyNum" "format.default" "format" "printCoefmat" "print.summary.glm" "print" "source" "example" 
new page:"format" "printCoefmat" "print.summary.glm" "print" "source" "example" 
new page:"printCoefmat" "print.summary.glm" "print" "source" "example" 
new page:"which" "printCoefmat" "print.summary.glm" "print" "source" "example" 
2072 :"printCoefmat" "print.summary.glm" "print" "source" "example" 
10064 :"printCoefmat" "print.summary.glm" "print" "source" "example" 
10064 :"printCoefmat" "print.summary.glm" "print" "source" "example" 
1064 :"printCoefmat" "print.summary.glm" "print" "source" "example" 
1816 :"printCoefmat" "print.summary.glm" "print" "source" "example" 
3592 :"printCoefmat" "print.summary.glm" "print" "source" "example" 
new page:"printCoefmat" "print.summary.glm" "print" "source" "example" 
new page:"character" "format.pval" "printCoefmat" "print.summary.glm" "print" "source" "example" 
new page:"format" "format.pval" "printCoefmat" "print.summary.glm" "print" "source" "example" 
5128 :"printCoefmat" "print.summary.glm" "print" "source" "example" 
24904 :"printCoefmat" "print.summary.glm" "print" "source" "example" 
24904 :"printCoefmat" "print.summary.glm" "print" "source" "example" 
1064 :"printCoefmat" "print.summary.glm" "print" "source" "example" 
1248 :"printCoefmat" "print.summary.glm" "print" "source" "example" 
4376 :"printCoefmat" "print.summary.glm" "print" "source" "example" 
8704 :"printCoefmat" "print.summary.glm" "print" "source" "example" 
2048 :"printCoefmat" "print.summary.glm" "print" "source" "example" 
new page:"printCoefmat" "print.summary.glm" "print" "source" "example" 
new page:"printCoefmat" "print.summary.glm" "print" "source" "example" 
new page:"printCoefmat" "print.summary.glm" "print" "source" "example" 
new page:"pmatch" ".deparseOpts" "deparse" "eval" "match.arg" "format.default" "format" "sprintf" "gettextf" "symnum" "printCoefmat" "print.summary.glm" "print" "source" "example" 
2896 :"cut" "symnum" "printCoefmat" "print.summary.glm" "print" "source" "example" 
13816 :"cut" "symnum" "printCoefmat" "print.summary.glm" "print" "source" "example" 
13816 :"cut" "symnum" "printCoefmat" "print.summary.glm" "print" "source" "example" 
1064 :"cut" "symnum" "printCoefmat" "print.summary.glm" "print" "source" "example" 
2424 :"cut" "symnum" "printCoefmat" "print.summary.glm" "print" "source" "example" 
4800 :"cut" "symnum" "printCoefmat" "print.summary.glm" "print" "source" "example" 
1176 :"cut" "symnum" "printCoefmat" "print.summary.glm" "print" "source" "example" 
new page:"cut" "symnum" "printCoefmat" "print.summary.glm" "print" "source" "example" 
new page:"cut" "symnum" "printCoefmat" "print.summary.glm" "print" "source" "example" 
new page:"cut" "symnum" "printCoefmat" "print.summary.glm" "print" "source" "example" 
1064 :"cut.default" "cut" "symnum" "printCoefmat" "print.summary.glm" "print" "source" "example" 
new page:"pmatch" ".deparseOpts" "deparse" "eval" "match.arg" "format.default" "FUN" "lapply" "sapply" "rbind" "symnum" "printCoefmat" "print.summary.glm" "print" "source" "example" 
new page:"pmatch" ".deparseOpts" "deparse" "eval" "match.arg" "format.default" "FUN" "lapply" "sapply" "rbind" "symnum" "printCoefmat" "print.summary.glm" "print" "source" "example" 
new page:"rbind" "symnum" "printCoefmat" "print.summary.glm" "print" "source" "example" 
1168 :"symnum" "printCoefmat" "print.summary.glm" "print" "source" "example" 
1160 :"symnum" "printCoefmat" "print.summary.glm" "print" "source" "example" 
1064 :"symnum" "printCoefmat" "print.summary.glm" "print" "source" "example" 
new page:"cat" "printCoefmat" "print.summary.glm" "print" "source" "example" 
new page:"pmatch" ".deparseOpts" "deparse" "eval" "match.arg" "format.default" "format" "cat" "print.summary.glm" "print" "source" "example" 
new page:"eval" "match.arg" "format.default" "format" "cat" "print.summary.glm" "print" "source" "example" 
new page:"pmatch" ".deparseOpts" "deparse" "eval" "match.arg" "format.default" "format" "cbind" "apply" "cat" "print.summary.glm" "print" "source" "example" 
new page:"aperm.default" "aperm" "apply" "cat" "print.summary.glm" "print" "source" "example" 
1064 :"naprint" "print.summary.glm" "print" "source" "example" 
new page:"match.arg" "format.default" "format" "cat" "print.summary.glm" "print" "source" "example" 
new page:"getSrcLines" "withCallingHandlers" "suppressWarnings" "doTryCatch" "tryCatchOne" "tryCatchList" "tryCatch" "trySrcLines" "source" "example" 
7296 :"get0" "getExportedValue" "::" "eval" "eval" "withVisible" "source" "example" 
37176 :"get0" "getExportedValue" "::" "eval" "eval" "withVisible" "source" "example" 
37168 :"get0" "getExportedValue" "::" "eval" "eval" "withVisible" "source" "example" 
1064 :"get0" "getExportedValue" "::" "eval" "eval" "withVisible" "source" "example" 
1472 :"get0" "getExportedValue" "::" "eval" "eval" "withVisible" "source" "example" 
5016 :"get0" "getExportedValue" "::" "eval" "eval" "withVisible" "source" "example" 
9984 :"get0" "getExportedValue" "::" "eval" "eval" "withVisible" "source" "example" 
2872 :"get0" "getExportedValue" "::" "eval" "eval" "withVisible" "source" "example" 
new page:"get0" "getExportedValue" "::" "eval" "eval" "withVisible" "source" "example" 
2088 :"get0" "getExportedValue" "::" "eval" "eval" "withVisible" "source" "example" 
new page:"get0" "getExportedValue" "::" "eval" "eval" "withVisible" "source" "example" 
new page:"get0" "getExportedValue" "::" "eval" "eval" "withVisible" "source" "example" 
new page:"get0" "getExportedValue" "::" "eval" "eval" "withVisible" "source" "example" 
new page:"get0" "getExportedValue" "::" "eval" "eval" "withVisible" "source" "example" 
new page:"get0" "getExportedValue" "::" "eval" "eval" "withVisible" "source" "example" 
new page:"get0" "getExportedValue" "::" "eval" "eval" "withVisible" "source" "example" 
new page:"get0" "getExportedValue" "::" "eval" "eval" "withVisible" "source" "example" 
new page:"get0" "getExportedValue" "::" "eval" "eval" "withVisible" "source" "example" 
new page:"get0" "getExportedValue" "::" "eval" "eval" "withVisible" "source" "example" 
new page:"get0" "getExportedValue" "::" "eval" "eval" "withVisible" "source" "example" 
new page:"get0" "getExportedValue" "::" "eval" "eval" "withVisible" "source" "example" 
new page:"get0" "getExportedValue" "::" "eval" "eval" "withVisible" "source" "example" 
new page:"get0" "getExportedValue" "::" "eval" "eval" "withVisible" "source" "example" 
1064 :"readRDS" "FUN" "lapply" "find.package" "<Anonymous>" "eval" "eval" "withVisible" "source" "example" 
new page:"readRDS" "FUN" "lapply" "find.package" "<Anonymous>" "eval" "eval" "withVisible" "source" "example" 
new page:"readRDS" "FUN" "lapply" "find.package" "<Anonymous>" "eval" "eval" "withVisible" "source" "example" 
new page:"lapply" "path.package" "<Anonymous>" "eval" "eval" "withVisible" "source" "example" 
3368 :"get" ":::" "<Anonymous>" "eval" "eval" "withVisible" "source" "example" 
3368 :"get" ":::" "<Anonymous>" "eval" "eval" "withVisible" "source" "example" 
1064 :"get" ":::" "<Anonymous>" "eval" "eval" "withVisible" "source" "example" 
new page:"get" ":::" "<Anonymous>" "eval" "eval" "withVisible" "source" "example" 
4000 :"<Anonymous>" "eval" "eval" "withVisible" "source" "example" 
4000 :"<Anonymous>" "eval" "eval" "withVisible" "source" "example" 
1064 :"<Anonymous>" "eval" "eval" "withVisible" "source" "example" 
1280 :"<Anonymous>" "eval" "eval" "withVisible" "source" "example" 
new page:"<Anonymous>" "eval" "eval" "withVisible" "source" "example" 
new page:"structure" ".POSIXct" "file.info" "file_test" "<Anonymous>" "eval" "eval" "withVisible" "source" "example" 
1064 :"readRDS" "<Anonymous>" "eval" "eval" "withVisible" "source" "example" 
1064 :"match" "%in%" "<Anonymous>" "eval" "eval" "withVisible" "source" "example" 
new page:"gzfile" "readRDS" "lazyLoadDBexec" "lazyLoad" "<Anonymous>" "eval" "eval" "withVisible" "source" "example" 
1064 :"readRDS" "lazyLoadDBexec" "lazyLoad" "<Anonymous>" "eval" "eval" "withVisible" "source" "example" 
new page:"pmatch" ".deparseOpts" "deparse" "mode" "source" "example" 
new page:"getSrcLines" "withCallingHandlers" "suppressWarnings" "doTryCatch" "tryCatchOne" "tryCatchList" "tryCatch" "trySrcLines" "source" "example" 
2088 :"glm" "eval" "eval" "withVisible" "source" "example" 
10280 :"glm" "eval" "eval" "withVisible" "source" "example" 
10280 :"glm" "eval" "eval" "withVisible" "source" "example" 
1064 :"glm" "eval" "eval" "withVisible" "source" "example" 
1128 :"glm" "eval" "eval" "withVisible" "source" "example" 
new page:"glm" "eval" "eval" "withVisible" "source" "example" 
new page:"glm" "eval" "eval" "withVisible" "source" "example" 
new page:"structure" "family" "glm" "eval" "eval" "withVisible" "source" "example" 
new page:"glm" "eval" "eval" "withVisible" "source" "example" 
1792 :"is.data.frame" "model.frame.default" "<Anonymous>" "eval" "eval" "glm" "eval" "eval" "withVisible" "source" "example" 
1784 :"is.data.frame" "model.frame.default" "<Anonymous>" "eval" "eval" "glm" "eval" "eval" "withVisible" "source" "example" 
1064 :"is.data.frame" "model.frame.default" "<Anonymous>" "eval" "eval" "glm" "eval" "eval" "withVisible" "source" "example" 
new page:"match" "%in%" "deparse" "model.frame.default" "<Anonymous>" "eval" "eval" "glm" "eval" "eval" "withVisible" "source" "example" 
new page:"terms.formula" "terms" "model.frame.default" "<Anonymous>" "eval" "eval" "glm" "eval" "eval" "withVisible" "source" "example" 
new page:"pmatch" ".deparseOpts" "deparse" "paste" "FUN" "lapply" "sapply" "model.frame.default" "<Anonymous>" "eval" "eval" "glm" "eval" "eval" "withVisible" "source" "example" 
new page:"pmatch" ".deparseOpts" "deparse" "paste" "FUN" "lapply" "sapply" "model.frame.default" "<Anonymous>" "eval" "eval" "glm" "eval" "eval" "withVisible" "source" "example" 
new page:"model.frame.default" "<Anonymous>" "eval" "eval" "glm" "eval" "eval" "withVisible" "source" "example" 
1064 :"eval" "eval" "model.frame.default" "<Anonymous>" "eval" "eval" "glm" "eval" "eval" "withVisible" "source" "example" 
new page:"match" "%in%" "[.data.frame" "[" "na.omit.data.frame" "na.omit" "model.frame.default" "<Anonymous>" "eval" "eval" "glm" "eval" "eval" "withVisible" "source" "example" 
new page:"match" "%in%" "[.data.frame" "[" "na.omit.data.frame" "na.omit" "model.frame.default" "<Anonymous>" "eval" "eval" "glm" "eval" "eval" "withVisible" "source" "example" 
1064 :"anyDuplicated.default" "anyDuplicated" "[.data.frame" "[" "na.omit.data.frame" "na.omit" "model.frame.default" "<Anonymous>" "eval" "eval" "glm" "eval" "eval" "withVisible" "source" "example" 
new page:"match" "%in%" "[[.data.frame" "[[" "model.frame.default" "<Anonymous>" "eval" "eval" "glm" "eval" "eval" "withVisible" "source" "example" 
new page:".deparseOpts" "deparse" "paste" "FUN" "lapply" "sapply" "match" "model.matrix.default" "model.matrix" "glm" "eval" "eval" "withVisible" "source" "example" 
new page:"pmatch" ".deparseOpts" "deparse" "paste" "FUN" "lapply" "sapply" "match" "model.matrix.default" "model.matrix" "glm" "eval" "eval" "withVisible" "source" "example" 
new page:"match" "%in%" ".deparseOpts" "deparse" "paste" "FUN" "lapply" "sapply" "match" "model.matrix.default" "model.matrix" "glm" "eval" "eval" "withVisible" "source" "example" 
new page:"getOption" "model.matrix.default" "model.matrix" "glm" "eval" "eval" "withVisible" "source" "example" 
new page:"model.matrix.default" "model.matrix" "glm" "eval" "eval" "withVisible" "source" "example" 
2344 :"model.matrix.default" "model.matrix" "glm" "eval" "eval" "withVisible" "source" "example" 
2344 :"eval" "glm" "eval" "eval" "withVisible" "source" "example" 
new page:"eval" "glm" "eval" "eval" "withVisible" "source" "example" 
2344 :"glm.fit" "eval" "eval" "glm" "eval" "eval" "withVisible" "source" "example" 
new page:"glm.fit" "eval" "eval" "glm" "eval" "eval" "withVisible" "source" "example" 
2344 :"glm.fit" "eval" "eval" "glm" "eval" "eval" "withVisible" "source" "example" 
new page:"glm.fit" "eval" "eval" "glm" "eval" "eval" "withVisible" "source" "example" 
2344 :"glm.fit" "eval" "eval" "glm" "eval" "eval" "withVisible" "source" "example" 
2344 :"glm.fit" "eval" "eval" "glm" "eval" "eval" "withVisible" "source" "example" 
2344 :"glm.fit" "eval" "eval" "glm" "eval" "eval" "withVisible" "source" "example" 
2344 :"colnames<-" "glm.fit" "eval" "eval" "glm" "eval" "eval" "withVisible" "source" "example" 
new page:"match" "structure" "glm.fit" "eval" "eval" "glm" "eval" "eval" "withVisible" "source" "example" 
new page:"eval" "glm" "eval" "eval" "withVisible" "source" "example" 
new page:"glm.fit" "eval" "eval" "glm" "eval" "eval" "withVisible" "source" "example" 
new page:"pmatch" ".deparseOpts" "deparse" "paste" "FUN" "lapply" "sapply" ".getXlevels" "glm" "eval" "eval" "withVisible" "source" "example" 
new page:"pmatch" ".deparseOpts" "deparse" "paste" "FUN" "lapply" "sapply" ".getXlevels" "glm" "eval" "eval" "withVisible" "source" "example" 
new page:"pmatch" ".deparseOpts" "deparse" "paste" "FUN" "lapply" "sapply" ".getXlevels" "glm" "eval" "eval" "withVisible" "source" "example" 
new page:"pmatch" ".deparseOpts" "deparse" "mode" "match" "%in%" "deparse" "paste" "FUN" "lapply" "sapply" ".getXlevels" "glm" "eval" "eval" "withVisible" "source" "example" 
new page:"NextMethod" "[.data.frame" "[" "lapply" ".getXlevels" "glm" "eval" "eval" "withVisible" "source" "example" 
new page:"deparse" "mode" "source" "example" 
new page:"chol2inv" "summary.glm" "summary" "eval" "eval" "withVisible" "source" "example" 
1064 :"summary.glm" "summary" "eval" "eval" "withVisible" "source" "example" 
new page:"pt" "summary.glm" "summary" "eval" "eval" "withVisible" "source" "example" 
new page:"pmatch" ".deparseOpts" "deparse" "eval" "match.arg" "residuals.glm" "residuals" "summary.glm" "summary" "eval" "eval" "withVisible" "source" "example" 
new page:"pmatch" "match.arg" "residuals.glm" "residuals" "summary.glm" "summary" "eval" "eval" "withVisible" "source" "example" 
new page:"pmatch" ".deparseOpts" "deparse" "mode" "source" "example" 
new page:"match" "%in%" "deparse" "paste" "cat" "print.summary.glm" "print" "source" "example" 
1064 :"print.summary.glm" "print" "source" "example" 
4312 :"quantile" "setNames" "print.summary.glm" "print" "source" "example" 
22368 :"quantile" "setNames" "print.summary.glm" "print" "source" "example" 
22368 :"quantile" "setNames" "print.summary.glm" "print" "source" "example" 
1064 :"quantile" "setNames" "print.summary.glm" "print" "source" "example" 
1136 :"quantile" "setNames" "print.summary.glm" "print" "source" "example" 
4096 :"quantile" "setNames" "print.summary.glm" "print" "source" "example" 
8152 :"quantile" "setNames" "print.summary.glm" "print" "source" "example" 
1760 :"quantile" "setNames" "print.summary.glm" "print" "source" "example" 
new page:"quantile" "setNames" "print.summary.glm" "print" "source" "example" 
new page:"quantile" "setNames" "print.summary.glm" "print" "source" "example" 
new page:"quantile" "setNames" "print.summary.glm" "print" "source" "example" 
1064 :"quantile.default" "quantile" "setNames" "print.summary.glm" "print" "source" "example" 
4000 :"seq" "quantile.default" "quantile" "setNames" "print.summary.glm" "print" "source" "example" 
20200 :"seq" "quantile.default" "quantile" "setNames" "print.summary.glm" "print" "source" "example" 
20200 :"seq" "quantile.default" "quantile" "setNames" "print.summary.glm" "print" "source" "example" 
1064 :"seq" "quantile.default" "quantile" "setNames" "print.summary.glm" "print" "source" "example" 
1328 :"seq" "quantile.default" "quantile" "setNames" "print.summary.glm" "print" "source" "example" 
3736 :"seq" "quantile.default" "quantile" "setNames" "print.summary.glm" "print" "source" "example" 
7432 :"seq" "quantile.default" "quantile" "setNames" "print.summary.glm" "print" "source" "example" 
1688 :"seq" "quantile.default" "quantile" "setNames" "print.summary.glm" "print" "source" "example" 
new page:"seq" "quantile.default" "quantile" "setNames" "print.summary.glm" "print" "source" "example" 
2016 :"seq.default" "seq" "quantile.default" "quantile" "setNames" "print.summary.glm" "print" "source" "example" 
9680 :"seq.default" "seq" "quantile.default" "quantile" "setNames" "print.summary.glm" "print" "source" "example" 
9672 :"seq.default" "seq" "quantile.default" "quantile" "setNames" "print.summary.glm" "print" "source" "example" 
1064 :"seq.default" "seq" "quantile.default" "quantile" "setNames" "print.summary.glm" "print" "source" "example" 
1880 :"seq.default" "seq" "quantile.default" "quantile" "setNames" "print.summary.glm" "print" "source" "example" 
3720 :"seq.default" "seq" "quantile.default" "quantile" "setNames" "print.summary.glm" "print" "source" "example" 
new page:"seq.default" "seq" "quantile.default" "quantile" "setNames" "print.summary.glm" "print" "source" "example" 
new page:"seq.default" "seq" "quantile.default" "quantile" "setNames" "print.summary.glm" "print" "source" "example" 
new page:"pmin" "seq.default" "seq" "quantile.default" "quantile" "setNames" "print.summary.glm" "print" "source" "example" 
2104 :"quantile.default" "quantile" "setNames" "print.summary.glm" "print" "source" "example" 
2104 :"quantile.default" "quantile" "setNames" "print.summary.glm" "print" "source" "example" 
1064 :"quantile.default" "quantile" "setNames" "print.summary.glm" "print" "source" "example" 
new page:"quantile.default" "quantile" "setNames" "print.summary.glm" "print" "source" "example" 
5200 :"paste0" "format_perc" "quantile.default" "quantile" "setNames" "print.summary.glm" "print" "source" "example" 
25800 :"paste0" "format_perc" "quantile.default" "quantile" "setNames" "print.summary.glm" "print" "source" "example" 
25800 :"paste0" "format_perc" "quantile.default" "quantile" "setNames" "print.summary.glm" "print" "source" "example" 
1064 :"paste0" "format_perc" "quantile.default" "quantile" "setNames" "print.summary.glm" "print" "source" "example" 
1168 :"paste0" "format_perc" "quantile.default" "quantile" "setNames" "print.summary.glm" "print" "source" "example" 
3664 :"paste0" "format_perc" "quantile.default" "quantile" "setNames" "print.summary.glm" "print" "source" "example" 
7280 :"paste0" "format_perc" "quantile.default" "quantile" "setNames" "print.summary.glm" "print" "source" "example" 
1760 :"paste0" "format_perc" "quantile.default" "quantile" "setNames" "print.summary.glm" "print" "source" "example" 
new page:"paste0" "format_perc" "quantile.default" "quantile" "setNames" "print.summary.glm" "print" "source" "example" 
new page:"paste0" "format_perc" "quantile.default" "quantile" "setNames" "print.summary.glm" "print" "source" "example" 
new page:"paste0" "format_perc" "quantile.default" "quantile" "setNames" "print.summary.glm" "print" "source" "example" 
1160 :"paste0" "format_perc" "quantile.default" "quantile" "setNames" "print.summary.glm" "print" "source" "example" 
new page:"paste0" "format_perc" "quantile.default" "quantile" "setNames" "print.summary.glm" "print" "source" "example" 
1064 :"formatC" "paste0" "format_perc" "quantile.default" "quantile" "setNames" "print.summary.glm" "print" "source" "example" 
new page:"ifelse" "pmax" "formatC" "paste0" "format_perc" "quantile.default" "quantile" "setNames" "print.summary.glm" "print" "source" "example" 
new page:"ifelse" "pmax" "formatC" "paste0" "format_perc" "quantile.default" "quantile" "setNames" "print.summary.glm" "print" "source" "example" 
new page:"formatC" "paste0" "format_perc" "quantile.default" "quantile" "setNames" "print.summary.glm" "print" "source" "example" 
new page:"zapsmall" "print.summary.glm" "print" "source" "example" 
new page:"pmatch" ".deparseOpts" "deparse" "eval" "match.arg" "format.default" "format" "printCoefmat" "print.summary.glm" "print" "source" "example" 
new page:"eval" "eval" "match.arg" "format.default" "format" "printCoefmat" "print.summary.glm" "print" "source" "example" 
new page:"pmatch" ".deparseOpts" "deparse" "eval" "match.arg" "format.default" "format" "printCoefmat" "print.summary.glm" "print" "source" "example" 
new page:"match" "%in%" "printCoefmat" "print.summary.glm" "print" "source" "example" 
new page:"printCoefmat" "print.summary.glm" "print" "source" "example" 
new page:"ifelse" "format.pval" "printCoefmat" "print.summary.glm" "print" "source" "example" 
new page:"match" "format.default" "format" "format.pval" "printCoefmat" "print.summary.glm" "print" "source" "example" 
new page:"eval" "eval" "match.arg" "sort.int" "sort.default" "sort" "symnum" "printCoefmat" "print.summary.glm" "print" "source" "example" 
new page:"sort.int" "sort.default" "sort" "symnum" "printCoefmat" "print.summary.glm" "print" "source" "example" 
new page:"pmatch" ".deparseOpts" "deparse" "eval" "match.arg" "format.default" "format" "sprintf" "gettextf" "symnum" "printCoefmat" "print.summary.glm" "print" "source" "example" 
new page:"match" "format.default" "format" "sprintf" "gettextf" "symnum" "printCoefmat" "print.summary.glm" "print" "source" "example" 
new page:"match" "%in%" ".deparseOpts" "deparse" "eval" "match.arg" "format.default" "FUN" "lapply" "sapply" "rbind" "symnum" "printCoefmat" "print.summary.glm" "print" "source" "example" 
new page:"pmatch" ".deparseOpts" "deparse" "eval" "match.arg" "format.default" "FUN" "lapply" "sapply" "rbind" "symnum" "printCoefmat" "print.summary.glm" "print" "source" "example" 
new page:"match" "format.default" "FUN" "lapply" "sapply" "rbind" "symnum" "printCoefmat" "print.summary.glm" "print" "source" "example" 
new page:"eval" "match.arg" "format.default" "FUN" "lapply" "sapply" "rbind" "symnum" "printCoefmat" "print.summary.glm" "print" "source" "example" 
new page:"pmatch" ".deparseOpts" "deparse" "eval" "match.arg" "format.default" "FUN" "lapply" "sapply" "rbind" "symnum" "printCoefmat" "print.summary.glm" "print" "source" "example" 
new page:"match" "%in%" ".deparseOpts" "deparse" "eval" "match.arg" "format.default" "FUN" "lapply" "sapply" "rbind" "symnum" "printCoefmat" "print.summary.glm" "print" "source" "example" 
new page:"unlist" "simplify2array" "sapply" "rbind" "symnum" "printCoefmat" "print.summary.glm" "print" "source" "example" 
new page:"print.default" "printCoefmat" "print.summary.glm" "print" "source" "example" 
new page:"pmatch" ".deparseOpts" "deparse" "eval" "match.arg" "format.default" "format" "cat" "print.summary.glm" "print" "source" "example" 
new page:"match" "%in%" ".deparseOpts" "deparse" "eval" "match.arg" "format.default" "format" "cbind" "apply" "cat" "print.summary.glm" "print" "source" "example" 
new page:"pmatch" ".deparseOpts" "deparse" "eval" "match.arg" "format.default" "format" "cbind" "apply" "cat" "print.summary.glm" "print" "source" "example" 
new page:"eval" "match.arg" "format.default" "format" "cbind" "apply" "cat" "print.summary.glm" "print" "source" "example" 
new page:"FUN" "apply" "cat" "print.summary.glm" "print" "source" "example" 
new page:".deparseOpts" "deparse" "eval" "match.arg" "format.default" "format" "cat" "print.summary.glm" "print" "source" "example" 
new page:"pmatch" ".deparseOpts" "deparse" "mode" "match" "%in%" "deparse" "paste" "force" "as.data.frame.numeric" "as.data.frame" "data.frame" "eval" "eval" "withVisible" "source" "example" 
new page:"match" "%in%" "deparse" "paste" "force" "as.data.frame.numeric" "as.data.frame" "data.frame" "eval" "eval" "withVisible" "source" "example" 
new page:"pmatch" ".deparseOpts" "deparse" "mode" "match" "%in%" "deparse" "paste" "force" "as.data.frame.numeric" "as.data.frame" "data.frame" "eval" "eval" "withVisible" "source" "example" 
new page:"pmatch" ".deparseOpts" "deparse" "mode" "match" "%in%" "deparse" "paste" "force" "as.data.frame.numeric" "as.data.frame" "data.frame" "eval" "eval" "withVisible" "source" "example" 
new page:"pmatch" ".deparseOpts" "deparse" "paste" "force" "as.data.frame.numeric" "as.data.frame" "data.frame" "eval" "eval" "withVisible" "source" "example" 
new page:"pmatch" ".deparseOpts" "deparse" "mode" "source" "example" 
2928 :"glm" "summary" "eval" "eval" "withVisible" "source" "example" 
14952 :"glm" "summary" "eval" "eval" "withVisible" "source" "example" 
14952 :"glm" "summary" "eval" "eval" "withVisible" "source" "example" 
1064 :"glm" "summary" "eval" "eval" "withVisible" "source" "example" 
1328 :"glm" "summary" "eval" "eval" "withVisible" "source" "example" 
1968 :"aic" "glm.fit" "eval" "eval" "glm" "summary" "eval" "eval" "withVisible" "source" "example" 
1968 :"aic" "glm.fit" "eval" "eval" "glm" "summary" "eval" "eval" "withVisible" "source" "example" 
1064 :"aic" "glm.fit" "eval" "eval" "glm" "summary" "eval" "eval" "withVisible" "source" "example" 
